[2022-04-16T16:05:47.001] [DEBUG] cheese - login => username:admin,password:123456
[2022-04-16T16:05:47.027] [DEBUG] cheese - admin
[2022-04-16T16:05:47.040] [DEBUG] cheese - null
[2022-04-16T16:05:47.040] [DEBUG] cheese - null
[2022-04-16T16:12:48.971] [DEBUG] cheese - login => username:admin,password:123456
[2022-04-16T16:12:48.971] [DEBUG] cheese - admin
[2022-04-16T16:12:48.974] [DEBUG] cheese - null
[2022-04-16T16:12:48.974] [DEBUG] cheese - null
[2022-04-17T08:34:47.750] [DEBUG] cheese - login => username:zsdd,password:123456d
[2022-04-17T08:34:47.784] [DEBUG] cheese - zsdd
[2022-04-17T08:34:47.842] [DEBUG] cheese - null
[2022-04-17T08:34:47.842] [DEBUG] cheese - null
[2022-04-17T08:34:59.138] [DEBUG] cheese - login => username:admin,password:123456d
[2022-04-17T08:34:59.138] [DEBUG] cheese - admin
[2022-04-17T08:34:59.144] [DEBUG] cheese - null
[2022-04-17T08:34:59.144] [DEBUG] cheese - null
[2022-04-17T08:35:04.386] [DEBUG] cheese - login => username:admin,password:123456
[2022-04-17T08:35:04.386] [DEBUG] cheese - admin
[2022-04-17T08:35:04.390] [DEBUG] cheese - null
[2022-04-17T08:35:04.390] [DEBUG] cheese - null
[2022-04-17T08:35:33.397] [DEBUG] cheese - login => username:admin,password:123456
[2022-04-17T08:35:33.397] [DEBUG] cheese - admin
[2022-04-17T08:35:33.400] [DEBUG] cheese - null
[2022-04-17T08:35:33.400] [DEBUG] cheese - null
[2022-04-17T08:35:33.918] [DEBUG] cheese - login => username:admin,password:123456
[2022-04-17T08:35:33.918] [DEBUG] cheese - admin
[2022-04-17T08:35:33.921] [DEBUG] cheese - null
[2022-04-17T08:35:33.921] [DEBUG] cheese - null
[2022-04-17T08:35:34.129] [DEBUG] cheese - login => username:admin,password:123456
[2022-04-17T08:35:34.130] [DEBUG] cheese - admin
[2022-04-17T08:35:34.132] [DEBUG] cheese - null
[2022-04-17T08:35:34.132] [DEBUG] cheese - null
[2022-04-17T08:44:14.615] [DEBUG] cheese - login => username:admin,password:123456
[2022-04-17T08:44:14.616] [DEBUG] cheese - admin
[2022-04-17T08:44:14.619] [DEBUG] cheese - null
[2022-04-17T08:44:14.619] [DEBUG] cheese - null
[2022-04-17T09:00:41.242] [DEBUG] cheese - login => username:admin,password:123456
[2022-04-17T09:00:41.242] [DEBUG] cheese - admin
[2022-04-17T09:00:41.246] [DEBUG] cheese - null
[2022-04-17T09:00:41.246] [DEBUG] cheese - null
[2022-04-17T09:01:45.570] [DEBUG] cheese - login => username:admin,password:123456
[2022-04-17T09:01:45.570] [DEBUG] cheese - admin
[2022-04-17T09:01:45.572] [DEBUG] cheese - null
[2022-04-17T09:01:45.572] [DEBUG] cheese - null
[2022-04-17T09:09:54.186] [DEBUG] cheese - login => username:admin,password:123456
[2022-04-17T09:09:54.186] [DEBUG] cheese - admin
[2022-04-17T09:09:54.189] [DEBUG] cheese - null
[2022-04-17T09:09:54.189] [DEBUG] cheese - null
[2022-04-17T09:09:58.065] [DEBUG] cheese - login => username:admin,password:123456
[2022-04-17T09:09:58.065] [DEBUG] cheese - admin
[2022-04-17T09:09:58.067] [DEBUG] cheese - null
[2022-04-17T09:09:58.067] [DEBUG] cheese - null
[2022-04-17T09:13:12.964] [DEBUG] cheese - login => username:admin,password:123456
[2022-04-17T09:13:12.964] [DEBUG] cheese - admin
[2022-04-17T09:13:12.966] [DEBUG] cheese - null
[2022-04-17T09:13:12.966] [DEBUG] cheese - null
[2022-04-17T09:13:15.478] [DEBUG] cheese - login => username:admin,password:123456
[2022-04-17T09:13:15.478] [DEBUG] cheese - admin
[2022-04-17T09:13:15.480] [DEBUG] cheese - null
[2022-04-17T09:13:15.480] [DEBUG] cheese - null
[2022-04-17T09:25:15.461] [DEBUG] cheese - login => username:admin,password:123456
[2022-04-17T09:25:15.461] [DEBUG] cheese - admin
[2022-04-17T09:25:15.463] [DEBUG] cheese - null
[2022-04-17T09:25:15.463] [DEBUG] cheese - null
[2022-04-17T09:26:53.241] [DEBUG] cheese - login => username:admin,password:123456
[2022-04-17T09:26:53.241] [DEBUG] cheese - admin
[2022-04-17T09:26:53.243] [DEBUG] cheese - null
[2022-04-17T09:26:53.243] [DEBUG] cheese - null
[2022-04-17T09:33:46.212] [DEBUG] cheese - login => username:admin,password:123456
[2022-04-17T09:33:46.212] [DEBUG] cheese - admin
[2022-04-17T09:33:46.214] [DEBUG] cheese - null
[2022-04-17T09:33:46.215] [DEBUG] cheese - null
[2022-04-19T08:00:22.356] [DEBUG] cheese - login => username:admin,password:123456
[2022-04-19T08:00:22.372] [DEBUG] cheese - admin
[2022-04-19T08:00:22.940] [DEBUG] cheese - null
[2022-04-19T08:00:22.940] [DEBUG] cheese - null
[2022-04-19T08:32:28.372] [DEBUG] cheese - login => username:admin,password:123456
[2022-04-19T08:32:28.374] [DEBUG] cheese - admin
[2022-04-19T08:32:28.385] [DEBUG] cheese - null
[2022-04-19T08:32:28.385] [DEBUG] cheese - null
[2022-04-19T09:11:06.686] [DEBUG] cheese - login => username:admin,password:123456
[2022-04-19T09:11:06.686] [DEBUG] cheese - admin
[2022-04-19T09:11:06.689] [DEBUG] cheese - null
[2022-04-19T09:11:06.689] [DEBUG] cheese - null
[2022-04-19T09:47:34.087] [DEBUG] cheese - login => username:admin,password:123456
[2022-04-19T09:47:34.088] [DEBUG] cheese - admin
[2022-04-19T09:47:34.090] [DEBUG] cheese - null
[2022-04-19T09:47:34.090] [DEBUG] cheese - null
[2022-04-19T09:54:44.469] [DEBUG] cheese - login => username:admin,password:123456
[2022-04-19T09:54:44.469] [DEBUG] cheese - admin
[2022-04-19T09:54:44.471] [DEBUG] cheese - null
[2022-04-19T09:54:44.471] [DEBUG] cheese - null
[2022-04-19T09:58:26.870] [DEBUG] cheese - login => username:admin,password:123456
[2022-04-19T09:58:26.870] [DEBUG] cheese - admin
[2022-04-19T09:58:26.871] [DEBUG] cheese - null
[2022-04-19T09:58:26.871] [DEBUG] cheese - null
[2022-04-19T10:00:32.611] [DEBUG] cheese - login => username:admin,password:123456
[2022-04-19T10:00:32.611] [DEBUG] cheese - admin
[2022-04-19T10:00:32.615] [DEBUG] cheese - null
[2022-04-19T10:00:32.615] [DEBUG] cheese - null
[2022-04-19T10:03:14.692] [DEBUG] cheese - login => username:admin,password:123456
[2022-04-19T10:03:14.692] [DEBUG] cheese - admin
[2022-04-19T10:03:14.693] [DEBUG] cheese - null
[2022-04-19T10:03:14.694] [DEBUG] cheese - null
[2022-04-19T10:03:39.838] [DEBUG] cheese - login => username:admin,password:123456
[2022-04-19T10:03:39.839] [DEBUG] cheese - admin
[2022-04-19T10:03:39.840] [DEBUG] cheese - null
[2022-04-19T10:03:39.840] [DEBUG] cheese - null
[2022-04-19T10:06:54.918] [DEBUG] cheese - login => username:admin,password:123456
[2022-04-19T10:06:54.918] [DEBUG] cheese - admin
[2022-04-19T10:06:54.920] [DEBUG] cheese - null
[2022-04-19T10:06:54.920] [DEBUG] cheese - null
[2022-04-19T10:12:21.818] [DEBUG] cheese - login => username:admin,password:123456
[2022-04-19T10:12:21.818] [DEBUG] cheese - admin
[2022-04-19T10:12:21.820] [DEBUG] cheese - null
[2022-04-19T10:12:21.820] [DEBUG] cheese - null
[2022-04-19T10:26:42.820] [DEBUG] cheese - login => username:admin,password:123456
[2022-04-19T10:26:42.822] [DEBUG] cheese - admin
[2022-04-19T10:26:42.832] [DEBUG] cheese - null
[2022-04-19T10:26:42.832] [DEBUG] cheese - null
[2022-04-19T10:27:28.704] [DEBUG] cheese - login => username:admin,password:123456
[2022-04-19T10:27:28.704] [DEBUG] cheese - admin
[2022-04-19T10:27:28.708] [DEBUG] cheese - null
[2022-04-19T10:27:28.709] [DEBUG] cheese - null
[2022-04-21T15:56:05.235] [DEBUG] cheese - login => username:admin,password:123456
[2022-04-21T15:56:05.270] [DEBUG] cheese - admin
[2022-04-21T15:56:05.471] [DEBUG] cheese - null
[2022-04-21T15:56:05.471] [DEBUG] cheese - null
[2022-04-23T09:06:25.499] [DEBUG] cheese - login => username:admin,password:123456
[2022-04-23T09:06:25.500] [DEBUG] cheese - admin
[2022-04-23T09:06:26.836] [DEBUG] cheese - null
[2022-04-23T09:06:26.836] [DEBUG] cheese - null
